<?xml version="1.0" encoding="UTF-8"?>
<testsuite name="CsvFileTest" tests="3" skipped="0" failures="0" errors="0" timestamp="2019-08-09T07:30:11" hostname="DESKTOP-75IRK8M" time="0.069">
  <properties/>
  <testcase name="testInit" classname="CsvFileTest" time="0.055"/>
  <testcase name="testToString" classname="CsvFileTest" time="0.009"/>
  <testcase name="testImportFile" classname="CsvFileTest" time="0.004"/>
  <system-out><![CDATA[test1,1,내용1
test2,2,내용2
test3,3,내용3
test4,4,내용4
test5,5,내용5
test6,6,내용6
test7,7,내용7
test8,8,내용8
test9,9,내용9
test10,10,내용10
test11,11,내용11
test12,12,내용12
test13,13,내용13
test14,14,내용14
test15,15,내용15
test16,16,내용16
test17,17,내용17
test18,18,내용18
test19,19,내용19
test20,20,내용20
test21,21,내용21
test22,22,내용22
test23,23,내용23
test24,24,내용24
test25,25,내용25
test26,26,내용26
test27,27,내용27
test28,28,내용28
test29,29,내용29
test30,30,내용30
[]
]]></system-out>
  <system-err><![CDATA[]]></system-err>
</testsuite>
